[05:34:46] [User Authenticator #2/INFO]: UUID of player TRDXTRDX is e7ce0200-09f6-4d73-800b-fa4ab741421e
[05:34:46] [Server thread/INFO]: TRDXTRDX joined the game
[05:34:46] [Server thread/INFO]: TRDXTRDX[/172.67.221.49:36731] logged in with entity id 2030 at ([world]197.44097732149376, 109.91332132181675, 201.33005746866678)
[05:35:24] [Server thread/INFO]: TRDXTRDX issued server command: /fill ~ ~ ~ ~30 ~30 ~30 air
[05:35:32] [Server thread/INFO]: TRDXTRDX issued server command: /fill ~ ~ ~ ~30 ~30 ~30 tnt
[05:35:32] [Server thread/INFO]: [TRDXTRDX: Successfully filled 29791 blocks]
[05:35:45] [Server thread/INFO]: TRDXTRDX issued server command: /summon minecraft:tnt ~ ~ ~
[05:35:45] [Server thread/INFO]: [TRDXTRDX: Summoned new Primed TNT]
[05:35:48] [Server thread/INFO]: TRDXTRDX issued server command: /summon minecraft:tnt ~ ~ ~
[05:35:48] [Server thread/INFO]: [TRDXTRDX: Summoned new Primed TNT]
[05:36:01] [Server thread/WARN]: Can't keep up! Is the server overloaded? Running 5017ms or 100 ticks behind
[05:36:39] [Server thread/WARN]: Can't keep up! Is the server overloaded? Running 8407ms or 168 ticks behind
[05:37:17] [Server thread/WARN]: Can't keep up! Is the server overloaded? Running 7350ms or 147 ticks behind
[05:37:18] [Server thread/INFO]: TRDXTRDX issued server command: /kill @e[type=minecraft:item]
[05:37:18] [Server thread/INFO]: [TRDXTRDX: Killed 805 entities]
[05:37:25] [Server thread/INFO]: Villager EntityVillager['Villager'/251, uuid='0ead748a-cdd9-45f2-8cdf-9d665e3a1e16', l='ServerLevel[world]', x=266.41, y=83.00, z=272.54, cx=16, cz=17, tl=648091, v=true, d=false] died, message: 'Villager blew up'
[05:37:33] [Server thread/INFO]: Villager EntityVillager['Nitwit'/274, uuid='b3b2a747-4647-4372-a6b0-3535e0e24f00', l='ServerLevel[world]', x=260.30, y=71.00, z=219.70, cx=16, cz=13, tl=11678, v=true, d=false] died, message: 'Nitwit blew up'
[05:37:35] [Server thread/INFO]: TRDXTRDX issued server command: /kill @e[type=minecraft:item]
[05:37:35] [Server thread/INFO]: [TRDXTRDX: Killed 567 entities]
[05:37:51] [Server thread/INFO]: TRDXTRDX issued server command: /kill @e[type=!minecraft:player]
[05:37:51] [Server thread/INFO]: Villager EntityVillager['Villager'/225, uuid='ff5dec03-bef4-425c-adb2-572e1e2a9f60', l='ServerLevel[world]', x=240.62, y=58.00, z=262.61, cx=15, cz=16, tl=648553, v=true, d=false] died, message: 'Villager fell out of the world'
[05:37:51] [Server thread/INFO]: Villager EntityVillager['Farmer'/244, uuid='d92b120c-bbf5-4dbf-afcf-58931b5a74f9', l='ServerLevel[world]', x=278.87, y=64.00, z=244.34, cx=17, cz=15, tl=26106, v=true, d=false] died, message: 'Farmer fell out of the world'
[05:37:51] [Server thread/INFO]: Villager EntityVillager['Farmer'/248, uuid='6b70893d-dd5b-48e1-987c-e4bccc5ab285', l='ServerLevel[world]', x=286.50, y=74.00, z=279.21, cx=17, cz=17, tl=53080, v=true, d=false] died, message: 'Farmer fell out of the world'
[05:37:51] [Server thread/INFO]: Villager EntityVillager['Villager'/312, uuid='4638fb02-595b-44df-8f2f-7303b367e00e', l='ServerLevel[world]', x=271.18, y=74.00, z=206.18, cx=16, cz=12, tl=5339, v=true, d=false] died, message: 'Villager fell out of the world'
[05:37:51] [Server thread/INFO]: [TRDXTRDX: Killed 20266 entities]
[05:38:09] [Server thread/INFO]: TRDXTRDX issued server command: /kill @e[type=!minecraft:player,type=!minecraft:tnt]
[05:38:09] [Server thread/INFO]: [TRDXTRDX: Killed 683 entities]
[05:38:16] [Server thread/INFO]: TRDXTRDX issued server command: /fill ~ ~ ~ ~30 ~30 ~30 tnt
[05:38:16] [Server thread/INFO]: [TRDXTRDX: Successfully filled 29791 blocks]
[05:38:22] [Server thread/INFO]: TRDXTRDX issued server command: /summon minecraft:tnt ~ ~ ~
[05:38:22] [Server thread/INFO]: [TRDXTRDX: Summoned new Primed TNT]
[05:38:30] [Server thread/INFO]: TRDXTRDX issued server command: /kill @e[type=!minecraft:player,type=!minecraft:tnt]
[05:38:30] [Server thread/INFO]: [TRDXTRDX: Killed 182 entities]
[05:38:33] [Server thread/INFO]: TRDXTRDX issued server command: /kill @e[type=!minecraft:player,type=!minecraft:tnt]
[05:38:33] [Server thread/INFO]: [TRDXTRDX: Killed 138 entities]
[05:38:46] [Server thread/WARN]: Can't keep up! Is the server overloaded? Running 5023ms or 100 ticks behind
[05:38:47] [Server thread/INFO]: TRDXTRDX issued server command: /kill @e[type=!minecraft:player,type=!minecraft:tnt]
[05:38:47] [Server thread/INFO]: [TRDXTRDX: Killed 120 entities]
[05:38:59] [Server thread/INFO]: TRDXTRDX issued server command: /kill @e[type=!minecraft:player,type=!minecraft:tnt]
[05:38:59] [Server thread/INFO]: [TRDXTRDX: Killed 149 entities]
[05:39:21] [Server thread/INFO]: TRDXTRDX issued server command: /kill @e[type=!minecraft:player,type=!minecraft:tnt]
[05:39:21] [Server thread/INFO]: [TRDXTRDX: Killed 331 entities]
[05:39:35] [Server thread/INFO]: TRDXTRDX issued server command: /kill @e[type=!minecraft:player,type=!minecraft:tnt]
[05:39:35] [Server thread/INFO]: [TRDXTRDX: Killed 164 entities]
[05:39:49] [Server thread/WARN]: Can't keep up! Is the server overloaded? Running 5031ms or 100 ticks behind
[05:39:53] [Server thread/INFO]: TRDXTRDX issued server command: /kill @e[type=!minecraft:player,type=!minecraft:tnt]
[05:39:53] [Server thread/INFO]: [TRDXTRDX: Killed 268 entities]
[05:40:09] [Server thread/INFO]: TRDXTRDX issued server command: /kill @e[type=!minecraft:player,type=!minecraft:tnt]
[05:40:09] [Server thread/INFO]: [TRDXTRDX: Killed 287 entities]
[05:40:30] [Server thread/INFO]: TRDXTRDX has made the advancement [Stone Age]
[05:41:28] [Server thread/INFO]: TRDXTRDX lost connection: Disconnected
[05:41:28] [Server thread/INFO]: TRDXTRDX left the game
[05:41:33] [User Authenticator #3/INFO]: UUID of player TRDXTRDX is e7ce0200-09f6-4d73-800b-fa4ab741421e
[05:41:33] [Server thread/INFO]: TRDXTRDX joined the game
[05:41:33] [Server thread/INFO]: TRDXTRDX[/172.67.221.49:40255] logged in with entity id 74348 at ([world]170.54967468863285, 96.290188124882, 228.34040364266724)
[05:42:07] [Server thread/INFO]: TRDXTRDX issued server command: /kill @e[type=!minecraft:player]
[05:42:07] [Server thread/INFO]: [TRDXTRDX: Killed 8226 entities]
[05:42:18] [Server thread/INFO]: TRDXTRDX issued server command: /weather clear
[05:42:18] [Server thread/INFO]: [TRDXTRDX: Set the weather to clear]
[05:42:24] [Server thread/INFO]: TRDXTRDX issued server command: /time set day
[05:42:24] [Server thread/INFO]: [TRDXTRDX: Set the time to 1000]
[05:43:08] [Server thread/INFO]: TRDXTRDX issued server command: /co i
[05:43:47] [Server thread/INFO]: TRDXTRDX lost connection: Disconnected
[05:43:47] [Server thread/INFO]: TRDXTRDX left the game
